0.500 & 0.903 & 0.034 & 1.314 & 0.441 & 0.021 & 2.903 & 0.898 & 0.121\\

DATA:
Edge size: 0.5
Number of triangles in mesh: 1562
Number of points in mesh: 777

AVERAGES: 
Average side length: 0.452
Average maximum triangle side ratio: 1.314
Average gravity center distance: 0.017
Average of mean of nieghbour points distance: 0.449
Average of standard deviation of nieghbour points distance: 0.060

MIN and MAX: 
Hausdorff distance - Max gc distance: 0.220
Min neighbour triangles normals angle: 0.021
Max neighbour triangles normals angle: 2.903

RATIOS:
Average gravity center distance to edge size: 0.03359972557852919
Avg of mean of neighbour points distance to edge size: 0.8980595359942305
Avg of std of nieghbour points distance to edge size: 0.12084095196532209
Average edge size to wished edge size: 0.9030700099394667
Max gravity center distance to edge size: 0.4407881324996407
