0.500 & 0.953 & 0.019 & 1.269 & 0.069 & 0.011 & 0.261 & 0.951 & 0.116\\

DATA:
Edge size: 0.5
Number of triangles in mesh: 778
Number of points in mesh: 409

AVERAGES: 
Average side length: 0.476
Average maximum triangle side ratio: 1.269
Average gravity center distance: 0.010
Average of mean of nieghbour points distance: 0.476
Average of standard deviation of nieghbour points distance: 0.058

MIN and MAX: 
Hausdorff distance - Max gc distance: 0.034
Min neighbour triangles normals angle: 0.011
Max neighbour triangles normals angle: 0.261

RATIOS:
Average gravity center distance to edge size: 0.019211152183215136
Avg of mean of neighbour points distance to edge size: 0.9510877449385184
Avg of std of nieghbour points distance to edge size: 0.11596314889143991
Average edge size to wished edge size: 0.9529530551785858
Max gravity center distance to edge size: 0.06852817168906136
