0.500 & 0.715 & 0.021 & 1.284 & 0.226 & 0.006 & 1.662 & 0.708 & 0.107\\

0.030

DATA:
Edge size: 0.5
Number of triangles in mesh: 2416
Number of points in mesh: 1205

AVERAGES: 
Average side length: 0.358
Average maximum triangle side ratio: 1.284
Average gravity center distance: 0.011
Average of mean of nieghbour points distance: 0.354
Average of standard deviation of nieghbour points distance: 0.054

MIN and MAX: 
Hausdorff distance - Max gc distance: 0.113
Min neighbour triangles normals angle: 0.006
Max neighbour triangles normals angle: 1.662

RATIOS:
Average gravity center distance to edge size: 0.021405028041327427
Avg of mean of neighbour points distance to edge size: 0.707530894030877
Avg of std of nieghbour points distance to edge size: 0.10732157433700479
Average edge size to wished edge size: 0.715093666735108
Max gravity center distance to edge size: 0.22636832791636954
